{"level":"info","message":"Users synced successfully","timestamp":"2025-05-23T08:38:12.177Z"}
{"level":"info","message":"Users synced successfully","timestamp":"2025-05-23T08:40:23.892Z"}
{"level":"info","message":"Users synced successfully","timestamp":"2025-05-23T08:40:55.956Z"}
{"level":"info","message":"Users synced successfully","timestamp":"2025-05-23T08:41:24.649Z"}
{"level":"info","message":"Users synced successfully","timestamp":"2025-05-23T08:41:53.341Z"}
{"level":"info","message":"Users synced successfully","timestamp":"2025-05-23T08:43:00.988Z"}
{"level":"info","message":"Users synced successfully","timestamp":"2025-05-23T08:44:24.654Z"}
{"level":"info","message":"Users synced successfully","timestamp":"2025-05-23T08:45:46.643Z"}
{"level":"info","message":"Users synced successfully","timestamp":"2025-05-23T08:46:03.666Z"}
{"level":"info","message":"Users synced successfully","timestamp":"2025-05-23T08:47:31.784Z"}
{"level":"info","message":"Data already exists. Skipping fetch.","timestamp":"2025-05-23T09:06:27.325Z"}
{"level":"error","message":"connection failed","timestamp":"2025-05-23T09:12:38.860Z"}
{"level":"error","message":"connection failed","timestamp":"2025-05-23T09:13:24.492Z"}
{"level":"error","message":"connection failed","timestamp":"2025-05-23T09:14:20.115Z"}
{"level":"error","message":"connection failed","timestamp":"2025-05-23T09:15:15.250Z"}
{"level":"error","message":"connection failed","timestamp":"2025-05-23T09:16:34.917Z"}
{"level":"error","message":"connection failed","timestamp":"2025-05-23T09:16:48.469Z"}
{"level":"error","message":"connection failed","timestamp":"2025-05-23T09:16:54.930Z"}
{"level":"error","message":{},"timestamp":"2025-05-23T09:17:21.258Z"}
{"level":"error","message":{},"timestamp":"2025-05-23T09:17:32.802Z"}
{"level":"error","message":{},"timestamp":"2025-05-23T09:17:57.854Z"}
{"level":"error","message":{},"timestamp":"2025-05-23T09:18:56.172Z"}
{"level":"info","message":"Users synced successfully","timestamp":"2025-05-23T09:19:54.026Z"}
{"level":"info","message":"Users synced successfully","timestamp":"2025-05-23T09:20:58.788Z"}
{"level":"info","message":"Users synced successfully","timestamp":"2025-05-23T09:23:57.453Z"}
{"level":"info","message":"Users synced successfully","timestamp":"2025-05-23T09:24:47.245Z"}
{"level":"info","message":"Users synced successfully","timestamp":"2025-05-23T09:27:42.628Z"}
{"level":"info","message":"Users synced successfully","timestamp":"2025-05-23T09:27:47.953Z"}
{"level":"info","message":"Users synced successfully","timestamp":"2025-05-23T09:27:57.109Z"}
{"level":"info","message":"Users synced successfully","timestamp":"2025-05-23T09:28:52.267Z"}
{"level":"info","message":"Users synced successfully","timestamp":"2025-05-23T09:40:14.272Z"}
{"level":"info","message":"Users synced successfully","timestamp":"2025-05-23T09:41:12.022Z"}
{"level":"info","message":"Users synced successfully","timestamp":"2025-05-23T09:43:25.678Z"}
{"level":"info","message":"Users synced successfully","timestamp":"2025-05-23T09:43:57.687Z"}
{"level":"info","message":"Users synced successfully","timestamp":"2025-05-23T10:00:07.925Z"}
{"level":"info","message":"Users synced successfully","timestamp":"2025-05-23T10:02:09.927Z"}
{"level":"info","message":"Users synced successfully","timestamp":"2025-05-23T10:05:08.751Z"}
{"level":"info","message":"Users synced successfully","timestamp":"2025-05-23T10:06:19.970Z"}
{"level":"info","message":"Users synced successfully","timestamp":"2025-05-23T10:16:38.447Z"}
{"level":"info","message":"Users synced successfully","timestamp":"2025-05-23T10:16:53.835Z"}
{"level":"info","message":"Users synced successfully","timestamp":"2025-05-23T10:20:05.290Z"}
{"level":"info","message":"Users synced successfully","timestamp":"2025-05-23T10:20:24.284Z"}
{"level":"info","message":"Users synced successfully","timestamp":"2025-05-23T10:23:56.872Z"}
{"level":"info","message":"Users synced successfully","timestamp":"2025-05-23T10:25:15.504Z"}
{"level":"info","message":"Users synced successfully","timestamp":"2025-05-23T10:26:39.065Z"}
{"level":"info","message":"home accessed","timestamp":"2025-05-23T10:26:53.781Z"}
{"level":"info","message":"Users synced successfully","timestamp":"2025-05-23T10:28:26.915Z"}
{"level":"info","message":"Users synced successfully","timestamp":"2025-05-23T10:29:09.608Z"}
{"level":"info","message":"Users synced successfully","timestamp":"2025-05-23T11:53:14.581Z"}
{"level":"info","message":"Users synced successfully","timestamp":"2025-05-23T11:53:36.974Z"}
{"level":"info","message":"Users synced successfully","timestamp":"2025-05-23T12:30:23.711Z"}
{"level":"info","message":"Users synced successfully","timestamp":"2025-05-23T16:15:17.336Z"}
{"level":"info","message":"Users synced successfully","timestamp":"2025-05-23T16:16:37.220Z"}
{"level":"info","message":"Users synced successfully","timestamp":"2025-05-23T16:39:16.074Z"}
{"level":"info","message":"Users synced successfully","timestamp":"2025-05-23T16:41:49.599Z"}
{"level":"info","message":"Users synced successfully","timestamp":"2025-05-23T17:00:24.078Z"}
{"level":"info","message":"Users synced successfully","timestamp":"2025-05-23T17:01:06.980Z"}
{"level":"info","message":"Users synced successfully","timestamp":"2025-05-23T17:02:07.225Z"}
{"level":"info","message":"Users synced successfully","timestamp":"2025-05-23T17:07:35.494Z"}
{"level":"info","message":"Users synced successfully","timestamp":"2025-05-23T17:08:13.648Z"}
